time="2016-12-14T09:43:20.846439779+05:30" level=warning msg="[!] DON'T BIND ON ANY IP ADDRESS WITHOUT setting -tlsverify IF YOU DON'T KNOW WHAT YOU'RE DOING [!]" 
time="2016-12-14T09:43:20.847530192+05:30" level=info msg="libcontainerd: new containerd process, pid: 19678" 
time="2016-12-14T09:43:20.855128442+05:30" level=warning msg="containerd: low RLIMIT_NOFILE changing to max" current=1024 max=65536 
time="2016-12-14T09:43:21.928397121+05:30" level=info msg="[graphdriver] using prior storage driver \"aufs\"" 
time="2016-12-14T09:43:21.938845803+05:30" level=info msg="Graph migration to content-addressability took 0.00 seconds" 
time="2016-12-14T09:43:21.939280211+05:30" level=warning msg="Your kernel does not support swap memory limit." 
time="2016-12-14T09:43:21.939910549+05:30" level=info msg="Loading containers: start." 
.time="2016-12-14T09:43:21.945482116+05:30" level=info msg="Firewalld running: false" 
time="2016-12-14T09:43:22.047273614+05:30" level=info msg="Default bridge (docker0) is assigned with an IP address 172.17.0.0/16. Daemon option --bip can be used to set a preferred IP address" 

time="2016-12-14T09:43:22.084606307+05:30" level=info msg="Loading containers: done." 
time="2016-12-14T09:43:22.084784613+05:30" level=info msg="Daemon has completed initialization" 
time="2016-12-14T09:43:22.084882567+05:30" level=info msg="Docker daemon" commit=6b644ec graphdriver=aufs version=1.12.3 
time="2016-12-14T09:43:22.106032923+05:30" level=info msg="API listen on /var/run/docker.sock" 
time="2016-12-14T09:43:22.106235821+05:30" level=info msg="API listen on [::]:2375" 
time="2016-12-14T10:18:18.098569241+05:30" level=info msg="No non-localhost DNS nameservers are left in resolv.conf. Using default external servers : [nameserver 8.8.8.8 nameserver 8.8.4.4]" 
time="2016-12-14T10:18:18.098712803+05:30" level=info msg="IPv6 enabled; Adding default IPv6 external servers : [nameserver 2001:4860:4860::8888 nameserver 2001:4860:4860::8844]" 
time="2016-12-14T10:37:54.182254431+05:30" level=error msg="Handler for POST /build returned error: Cannot locate specified Dockerfile: Dockerfile" 
time="2016-12-14T11:50:37.332171657+05:30" level=info msg="Layer sha256:f62ab2ac6f446f579482edf5047cc9095962658b6384fc1135be3bcebb62de7c cleaned up" 
time="2016-12-14T13:42:30.121706622+05:30" level=info msg="No non-localhost DNS nameservers are left in resolv.conf. Using default external servers : [nameserver 8.8.8.8 nameserver 8.8.4.4]" 
time="2016-12-14T13:42:30.122175128+05:30" level=info msg="IPv6 enabled; Adding default IPv6 external servers : [nameserver 2001:4860:4860::8888 nameserver 2001:4860:4860::8844]" 
time="2016-12-14T13:42:30.926540236+05:30" level=info msg="Layer sha256:83fd116f06498b788eb4a8e8f30809912dcae1af3db11b3bc219230b81277c89 cleaned up" 
time="2016-12-14T13:42:31.098356497+05:30" level=info msg="Layer sha256:83fd116f06498b788eb4a8e8f30809912dcae1af3db11b3bc219230b81277c89 cleaned up" 
time="2016-12-14T15:18:59.946919863+05:30" level=info msg="stopping containerd after receiving terminated" 
time="2016-12-14T15:18:59.966223719+05:30" level=info msg="Processing signal 'terminated'" 
time="2016-12-14T15:18:59.983893374+05:30" level=info msg="Got signal to reload configuration, reloading from: /etc/docker/daemon.json" 
time="2016-12-14T15:19:00.003902009+05:30" level=error msg="open /etc/docker/daemon.json: no such file or directory" 
time="2016-12-14T15:19:00.005684605+05:30" level=info msg="Got signal to reload configuration, reloading from: /etc/docker/daemon.json" 
time="2016-12-14T15:19:00.006087540+05:30" level=error msg="open /etc/docker/daemon.json: no such file or directory" 
time="2016-12-14T15:18:59.951192416+05:30" level=info msg="Processing signal 'terminated'" 
time="2016-12-14T15:19:00.136933609+05:30" level=error msg="libcontainerd: failed to receive event from containerd: rpc error: code = 13 desc = transport is closing" 
